<?xml version="1.0" encoding="UTF-8"?>
<testng-results skipped="0" failed="0" ignored="0" total="1" passed="1">
  <reporter-output>
  </reporter-output>
  <suite name="Page Object test example" duration-ms="12275" started-at="2021-05-07T07:55:20Z" finished-at="2021-05-07T07:55:32Z">
    <groups>
    </groups>
    <test name="test-1" duration-ms="12275" started-at="2021-05-07T07:55:20Z" finished-at="2021-05-07T07:55:32Z">
      <class name="come.guru.test.GuruLoginTest">
        <test-method status="PASS" signature="initializeTestBaseSetup(java.lang.String, java.lang.String)[pri:0, instance:come.guru.test.GuruLoginTest@d2cc05a]" name="initializeTestBaseSetup" is-config="true" duration-ms="6249" started-at="2021-05-07T13:25:20Z" finished-at="2021-05-07T13:25:26Z">
          <params>
            <param index="0">
              <value>
                <![CDATA[chrome]]>
              </value>
            </param>
            <param index="1">
              <value>
                <![CDATA[http://demo.guru99.com/v4/]]>
              </value>
            </param>
          </params>
          <reporter-output>
          </reporter-output>
        </test-method> <!-- initializeTestBaseSetup -->
        <test-method status="PASS" signature="setUp()[pri:0, instance:come.guru.test.GuruLoginTest@d2cc05a]" name="setUp" is-config="true" duration-ms="0" started-at="2021-05-07T13:25:26Z" finished-at="2021-05-07T13:25:26Z">
          <reporter-output>
          </reporter-output>
        </test-method> <!-- setUp -->
        <test-method status="PASS" signature="loginTest()[pri:0, instance:come.guru.test.GuruLoginTest@d2cc05a]" name="loginTest" duration-ms="5142" started-at="2021-05-07T13:25:26Z" finished-at="2021-05-07T13:25:31Z">
          <reporter-output>
          </reporter-output>
        </test-method> <!-- loginTest -->
        <test-method status="PASS" signature="tearDown(org.testng.ITestResult)[pri:0, instance:come.guru.test.GuruLoginTest@d2cc05a]" name="tearDown" is-config="true" duration-ms="859" started-at="2021-05-07T13:25:31Z" finished-at="2021-05-07T13:25:32Z">
          <params>
            <param index="0">
              <value>
                <![CDATA[[TestResult name=loginTest status=SUCCESS method=GuruLoginTest.loginTest()[pri:0, instance:come.guru.test.GuruLoginTest@d2cc05a] output={null}]]]>
              </value>
            </param>
          </params>
          <reporter-output>
          </reporter-output>
        </test-method> <!-- tearDown -->
        <test-method status="PASS" signature="tearDown()[pri:0, instance:come.guru.test.GuruLoginTest@d2cc05a]" name="tearDown" is-config="true" duration-ms="1" started-at="2021-05-07T13:25:32Z" finished-at="2021-05-07T13:25:32Z">
          <reporter-output>
          </reporter-output>
        </test-method> <!-- tearDown -->
      </class> <!-- come.guru.test.GuruLoginTest -->
    </test> <!-- test-1 -->
  </suite> <!-- Page Object test example -->
</testng-results>
